<?xml version="1.0" encoding="UTF-8"?>
<testng-results skipped="0" failed="0" total="4" passed="4">
  <reporter-output>
  </reporter-output>
  <suite name="com.qa.tests.DemoTest" duration-ms="53" started-at="2018-04-29T15:05:19Z" finished-at="2018-04-29T15:05:19Z">
    <groups>
    </groups>
    <test name="Command line test" duration-ms="53" started-at="2018-04-29T15:05:19Z" finished-at="2018-04-29T15:05:19Z">
      <class name="com.qa.tests.DemoTest">
        <test-method status="PASS" signature="div()[pri:0, instance:com.qa.tests.DemoTest@124753a]" name="div" duration-ms="22" started-at="2018-04-29T20:35:19Z" finished-at="2018-04-29T20:35:19Z">
          <reporter-output>
          </reporter-output>
        </test-method> <!-- div -->
        <test-method status="PASS" signature="mul()[pri:0, instance:com.qa.tests.DemoTest@124753a]" name="mul" duration-ms="1" started-at="2018-04-29T20:35:19Z" finished-at="2018-04-29T20:35:19Z">
          <reporter-output>
          </reporter-output>
        </test-method> <!-- mul -->
        <test-method status="PASS" signature="sub()[pri:0, instance:com.qa.tests.DemoTest@124753a]" name="sub" duration-ms="1" started-at="2018-04-29T20:35:19Z" finished-at="2018-04-29T20:35:19Z">
          <reporter-output>
          </reporter-output>
        </test-method> <!-- sub -->
        <test-method status="PASS" signature="sum()[pri:0, instance:com.qa.tests.DemoTest@124753a]" name="sum" duration-ms="0" started-at="2018-04-29T20:35:19Z" finished-at="2018-04-29T20:35:19Z">
          <reporter-output>
          </reporter-output>
        </test-method> <!-- sum -->
      </class> <!-- com.qa.tests.DemoTest -->
    </test> <!-- Command line test -->
  </suite> <!-- com.qa.tests.DemoTest -->
</testng-results>
