<?xml version="1.0" encoding="UTF-8"?>
<testng-results skipped="0" failed="0" total="1" passed="1">
  <reporter-output>
  </reporter-output>
  <suite name="Default suite" duration-ms="77" started-at="2018-04-29T09:26:00Z" finished-at="2018-04-29T09:26:00Z">
    <groups>
    </groups>
    <test name="Default test" duration-ms="77" started-at="2018-04-29T09:26:00Z" finished-at="2018-04-29T09:26:00Z">
      <class name="com.qa.tests.DemoTest">
        <test-method status="PASS" signature="sum()[pri:0, instance:com.qa.tests.DemoTest@c87b21]" name="sum" duration-ms="50" started-at="2018-04-29T14:56:00Z" finished-at="2018-04-29T14:56:00Z">
          <reporter-output>
          </reporter-output>
        </test-method> <!-- sum -->
      </class> <!-- com.qa.tests.DemoTest -->
    </test> <!-- Default test -->
  </suite> <!-- Default suite -->
</testng-results>
